<?xml version="1.0" encoding="UTF-8"?><testsuite errors="0" failures="0" name="com.lc.df.studentapp.testsuite.StudentCURDTest" skipped="0" tests="4" time="7.32" timestamp="2020-05-138 02:12:01"><testcase classname="com.lc.df.studentapp.testsuite.StudentCURDTest" name="This test will create a new student"/><testcase classname="com.lc.df.studentapp.testsuite.StudentCURDTest" name="Verify if the student was added to the application"/><testcase classname="com.lc.df.studentapp.testsuite.StudentCURDTest" name="Update the user information and verify the updated information"/><testcase classname="com.lc.df.studentapp.testsuite.StudentCURDTest" name="Delete the student and verify if the student is deleted!"/></testsuite>